Node 3 initialized with config: [{'id': 1, 'host': '127.0.0.1', 'port': 8021}, {'id': 2, 'host': '127.0.0.1', 'port': 8022}, {'id': 3, 'host': '127.0.0.1', 'port': 8023}, {'id': 4, 'host': '127.0.0.1', 'port': 8024}, {'id': 5, 'host': '127.0.0.1', 'port': 8025}, {'id': 6, 'host': '127.0.0.1', 'port': 8026}]
[Node 8023] Listening on 127.0.0.1:8023
[Node 3] Requesting access
[Node 3] Requesting access with timestamp 1
[NODE 3] 1
[NODE 3] 2
[NODE 3] 3
[NODE 3] 4
[NODE 3] 5
[NODE 3] 6
[Node 3] Requesting access
[Node 3] Requesting access with timestamp 17
[NODE 3] 17
[NODE 3] 18
[Node 3] Requesting access
[Node 3] Requesting access with timestamp 21
[NODE 3] 21
[NODE 3] 22
[NODE 3] 23
[NODE 3] 24
[NODE 3] 25
[NODE 3] 26
[Node 3] Requesting access
[Node 3] Requesting access with timestamp 33
[NODE 3] 33
[NODE 3] 34
[NODE 3] 35
[NODE 3] 36
[NODE 3] 37
[Node 3] Requesting access
[Node 3] Requesting access with timestamp 49
[NODE 3] 49
[NODE 3] 50
[NODE 3] 51
[NODE 3] 52
[NODE 3] 53
[NODE 3] 54
[Node 3] Requesting access
[Node 3] Requesting access with timestamp 63
[NODE 3] 63
[NODE 3] 64
[NODE 3] 65
[NODE 3] 66
[NODE 3] 67
[NODE 3] 68
[Node 3] Requesting access
[Node 3] Requesting access with timestamp 74
[NODE 3] 74
[NODE 3] 75
[NODE 3] 76
[Node 3] Requesting access
[Node 3] Requesting access with timestamp 84
[NODE 3] 84
[NODE 3] 85
[NODE 3] 86
[NODE 3] 87
[NODE 3] 88
[NODE 3] 89
[NODE 3] 90
[Node 3] Requesting access
[Node 3] Requesting access with timestamp 92
[NODE 3] 92
[NODE 3] 93
[NODE 3] 94
[NODE 3] 95
[Node 3] Requesting access
[Node 3] Requesting access with timestamp 100
[NODE 3] 100
[NODE 3] 101
[NODE 3] 102
[NODE 3] 103
[NODE 3] 104
[Node 3] Requesting access
[Node 3] Requesting access with timestamp 113
[NODE 3] 113
[NODE 3] 114
[NODE 3] 115
[NODE 3] 116
[NODE 3] 117
[Node 3] Requesting access
[Node 3] Requesting access with timestamp 139
