Node 1 initialized with config: [{'id': 1, 'host': '127.0.0.1', 'port': 8021}, {'id': 2, 'host': '127.0.0.1', 'port': 8022}, {'id': 3, 'host': '127.0.0.1', 'port': 8023}, {'id': 4, 'host': '127.0.0.1', 'port': 8024}, {'id': 5, 'host': '127.0.0.1', 'port': 8025}, {'id': 6, 'host': '127.0.0.1', 'port': 8026}]
[Node 8021] Listening on 127.0.0.1:8021
[Node 1] Requesting access
[Node 1] Requesting access with timestamp 9
[NODE 1] 9
[NODE 1] 10
[NODE 1] 11
[NODE 1] 12
[NODE 1] 13
[NODE 1] 14
[NODE 1] 15
[NODE 1] 16
[NODE 1] 17
[NODE 1] 18
[Node 1] Requesting access
[Node 1] Requesting access with timestamp 19
[NODE 1] 19
[NODE 1] 20
[NODE 1] 21
[NODE 1] 22
[NODE 1] 23
[NODE 1] 24
[Node 1] Requesting access
[Node 1] Requesting access with timestamp 35
[NODE 1] 35
[NODE 1] 36
[NODE 1] 37
[NODE 1] 38
[Node 1] Requesting access
[Node 1] Requesting access with timestamp 51
[NODE 1] 51
[NODE 1] 52
[NODE 1] 53
[NODE 1] 54
[NODE 1] 55
[Node 1] Requesting access
[Node 1] Requesting access with timestamp 65
[NODE 1] 65
[NODE 1] 66
[Node 1] Requesting access
[Node 1] Requesting access with timestamp 72
[NODE 1] 72
[NODE 1] 73
[Node 1] Requesting access
[Node 1] Requesting access with timestamp 96
[NODE 1] 96
[NODE 1] 97
[NODE 1] 98
[Node 1] Requesting access
[Node 1] Requesting access with timestamp 102
[NODE 1] 102
[NODE 1] 103
[NODE 1] 104
[NODE 1] 105
[NODE 1] 106
[NODE 1] 107
[NODE 1] 108
[Node 1] Requesting access
[Node 1] Requesting access with timestamp 115
[NODE 1] 115
[NODE 1] 116
[NODE 1] 117
[Node 1] Requesting access
[Node 1] Requesting access with timestamp 119
[NODE 1] 119
[NODE 1] 120
[NODE 1] 121
[NODE 1] 122
[Node 1] Requesting access
[Node 1] Requesting access with timestamp 135
[NODE 1] 135
[NODE 1] 136
[NODE 1] 137
[Node 1] Requesting access
[Node 1] Requesting access with timestamp 143
[ERROR] Attempt 1/3 — Could not send to 127.0.0.1:8023 — [Errno 61] Connection refused
[ERROR] Attempt 2/3 — Could not send to 127.0.0.1:8023 — [Errno 61] Connection refused
[ERROR] Attempt 3/3 — Could not send to 127.0.0.1:8023 — [Errno 61] Connection refused
[ERROR] Failed to send message to 127.0.0.1:8023 after 3 attempts.
[Node 1] Failed to send request to node 3: [Errno 61] Connection refused
[NODE 1] 143
[NODE 1] 144
[NODE 1] 145
[NODE 1] 146
[NODE 1] 147
[NODE 1] 148
[NODE 1] 149
[NODE 1] 150
[NODE 1] 151
[NODE 1] 152
[Node 1] Requesting access
[Node 1] Requesting access with timestamp 158
[NODE 1] 158
[NODE 1] 159
[NODE 1] 160
[NODE 1] 161
[NODE 1] 162
[NODE 1] 163
[NODE 1] 164
[NODE 1] 165
[Node 1] Requesting access
[Node 1] Requesting access with timestamp 168
[NODE 1] 168
[NODE 1] 169
[NODE 1] 170
[NODE 1] 171
[NODE 1] 172
[NODE 1] 173
[NODE 1] 174
[NODE 1] 175
[NODE 1] 176
[Node 1] Requesting access
[Node 1] Requesting access with timestamp 188
[NODE 1] 188
[NODE 1] 189
[Node 1] Requesting access
[Node 1] Requesting access with timestamp 189
[NODE 1] 190
[NODE 1] 191
[NODE 1] 192
[NODE 1] 193
[NODE 1] 194
[NODE 1] 195
[NODE 1] 196
[NODE 1] 197
[Node 1] Requesting access
[Node 1] Requesting access with timestamp 197
[NODE 1] 198
[NODE 1] 199
[NODE 1] 200
[NODE 1] 201
[NODE 1] 202
[NODE 1] 203
[NODE 1] 204
[Node 1] Requesting access
[Node 1] Requesting access with timestamp 207
[NODE 1] 207
[NODE 1] 208
[NODE 1] 209
[NODE 1] 210
[NODE 1] 211
[NODE 1] 212
[NODE 1] 213
[NODE 1] 214
[NODE 1] 215
[Node 1] Requesting access
[Node 1] Requesting access with timestamp 217
[NODE 1] 217
[NODE 1] 218
[Node 1] Requesting access
[Node 1] Requesting access with timestamp 229
[NODE 1] 229
[Node 1] Requesting access
[Node 1] Requesting access with timestamp 237
[NODE 1] 237
[NODE 1] 238
[NODE 1] 239
[NODE 1] 240
[NODE 1] 241
[NODE 1] 242
[NODE 1] 243
[NODE 1] 244
[NODE 1] 245
[Node 1] Requesting access
[Node 1] Requesting access with timestamp 247
[NODE 1] 247
[NODE 1] 248
[NODE 1] 249
[NODE 1] 250
[NODE 1] 251
[NODE 1] 252
[NODE 1] 253
[Node 1] Requesting access
[Node 1] Requesting access with timestamp 263
[NODE 1] 263
[NODE 1] 264
[NODE 1] 265
[NODE 1] 266
[NODE 1] 267
[NODE 1] 268
[NODE 1] 269
[Node 1] Requesting access
[Node 1] Requesting access with timestamp 271
[NODE 1] 271
[NODE 1] 272
[NODE 1] 273
[NODE 1] 274
[NODE 1] 275
[NODE 1] 276
[Node 1] Requesting access
[Node 1] Requesting access with timestamp 276
[NODE 1] 277
[NODE 1] 278
[NODE 1] 279
[NODE 1] 280
[NODE 1] 281
[NODE 1] 282
[NODE 1] 283
[NODE 1] 284
[Node 1] Requesting access
[Node 1] Requesting access with timestamp 286
[NODE 1] 286
[NODE 1] 287
[NODE 1] 288
[NODE 1] 289
[NODE 1] 290
[Node 1] Requesting access
[Node 1] Requesting access with timestamp 287
[NODE 1] 291
[NODE 1] 292
[NODE 1] 293
[NODE 1] 294
[NODE 1] 295
[NODE 1] 296
[Node 1] Requesting access
[Node 1] Requesting access with timestamp 299
[NODE 1] 299
[NODE 1] 300
[NODE 1] 301
[NODE 1] 302
[NODE 1] 303
[NODE 1] 304
[NODE 1] 305
[NODE 1] 306
[NODE 1] 307
[Node 1] Requesting access
[Node 1] Requesting access with timestamp 311
[NODE 1] 311
[NODE 1] 312
[Node 1] Requesting access
[Node 1] Requesting access with timestamp 315
[NODE 1] 315
[NODE 1] 316
[NODE 1] 317
[NODE 1] 318
[NODE 1] 319
[NODE 1] 320
[NODE 1] 321
[NODE 1] 322
[NODE 1] 323
[NODE 1] 324
[Node 1] Requesting access
[Node 1] Requesting access with timestamp 327
[NODE 1] 327
[NODE 1] 328
[NODE 1] 329
[NODE 1] 330
[NODE 1] 331
[NODE 1] 332
[NODE 1] 333
[NODE 1] 334
[NODE 1] 335
[Node 1] Requesting access
[Node 1] Requesting access with timestamp 337
[NODE 1] 337
[NODE 1] 338
[NODE 1] 339
[NODE 1] 340
[NODE 1] 341
[NODE 1] 342
[NODE 1] 343
[NODE 1] 344
[Node 1] Requesting access
[Node 1] Requesting access with timestamp 347
[NODE 1] 347
[NODE 1] 348
[NODE 1] 349
[Node 1] Requesting access
[Node 1] Requesting access with timestamp 353
[NODE 1] 353
[NODE 1] 354
[NODE 1] 355
[NODE 1] 356
[NODE 1] 357
[NODE 1] 358
[NODE 1] 359
[Node 1] Requesting access
[Node 1] Requesting access with timestamp 362
[ERROR] Attempt 1/3 — Could not send to 127.0.0.1:8022 — [Errno 61] Connection refused
[ERROR] Attempt 2/3 — Could not send to 127.0.0.1:8022 — [Errno 61] Connection refused
